<?xml version="1.0" encoding="UTF-8"?>
<testng-results ignored="0" total="1" passed="0" failed="0" skipped="1">
  <reporter-output>
  </reporter-output>
  <suite started-at="2023-01-24T16:01:28 IST" name="Suite" finished-at="2023-01-24T16:01:50 IST" duration-ms="21848">
    <groups>
    </groups>
    <test started-at="2023-01-24T16:01:28 IST" name="Test" finished-at="2023-01-24T16:01:50 IST" duration-ms="21848">
      <class name="compliance.Functional.ErrorHandlingInvalidParameter">
        <test-method is-config="true" signature="startReport(java.lang.String, java.lang.String)[pri:0, instance:compliance.Functional.ErrorHandlingInvalidParameter@ab7395e]" started-at="2023-01-24T16:01:28 IST" name="startReport" finished-at="2023-01-24T16:01:34 IST" duration-ms="6224" status="PASS">
          <params>
            <param index="0">
              <value>
                <![CDATA[chrome]]>
              </value>
            </param>
            <param index="1">
              <value>
                <![CDATA[NA]]>
              </value>
            </param>
          </params>
          <reporter-output>
          </reporter-output>
        </test-method> <!-- startReport -->
        <test-method is-config="true" signature="setPlatformType(java.lang.String, java.lang.String, java.lang.String, java.lang.String, java.lang.String, java.lang.String, java.lang.String, java.lang.String, java.lang.String, java.lang.String, java.lang.String, java.lang.String, java.lang.String, java.lang.String, java.lang.String, java.lang.String, java.lang.String, java.lang.String, java.lang.String, java.lang.String, java.lang.String, java.lang.String, java.lang.String, java.lang.String, java.lang.String, java.lang.String, java.lang.String, java.lang.String, java.lang.String, java.lang.String, java.lang.String, java.lang.String, java.lang.String, java.lang.String, java.lang.String, java.lang.String, java.lang.String, java.lang.String, java.lang.String, java.lang.String, java.lang.String, java.lang.String, java.lang.String, java.lang.String, java.lang.String, java.lang.String, java.lang.String, java.lang.String)[pri:0, instance:compliance.Functional.ErrorHandlingInvalidParameter@ab7395e]" started-at="2023-01-24T16:01:34 IST" name="setPlatformType" finished-at="2023-01-24T16:01:34 IST" duration-ms="15" status="PASS">
          <params>
            <param index="0">
              <value>
                <![CDATA[chrome]]>
              </value>
            </param>
            <param index="1">
              <value>
                <![CDATA[https://caccontrolcheck.continuoustestplatform.com]]>
              </value>
            </param>
            <param index="2">
              <value>
                <![CDATA[ethanadmin]]>
              </value>
            </param>
            <param index="3">
              <value>
                <![CDATA[bGgrwYo1O2lLOpa782]]>
              </value>
            </param>
            <param index="4">
              <value>
                <![CDATA[NA]]>
              </value>
            </param>
            <param index="5">
              <value>
                <![CDATA[NA]]>
              </value>
            </param>
            <param index="6">
              <value>
                <![CDATA[NA]]>
              </value>
            </param>
            <param index="7">
              <value>
                <![CDATA[NA]]>
              </value>
            </param>
            <param index="8">
              <value>
                <![CDATA[NA]]>
              </value>
            </param>
            <param index="9">
              <value>
                <![CDATA[NA]]>
              </value>
            </param>
            <param index="10">
              <value>
                <![CDATA[NA]]>
              </value>
            </param>
            <param index="11">
              <value>
                <![CDATA[NA]]>
              </value>
            </param>
            <param index="12">
              <value>
                <![CDATA[NA]]>
              </value>
            </param>
            <param index="13">
              <value>
                <![CDATA[NA]]>
              </value>
            </param>
            <param index="14">
              <value>
                <![CDATA[NA]]>
              </value>
            </param>
            <param index="15">
              <value>
                <![CDATA[NA]]>
              </value>
            </param>
            <param index="16">
              <value>
                <![CDATA[NA]]>
              </value>
            </param>
            <param index="17">
              <value>
                <![CDATA[NA]]>
              </value>
            </param>
            <param index="18">
              <value>
                <![CDATA[NA]]>
              </value>
            </param>
            <param index="19">
              <value>
                <![CDATA[NA]]>
              </value>
            </param>
            <param index="20">
              <value>
                <![CDATA[NA]]>
              </value>
            </param>
            <param index="21">
              <value>
                <![CDATA[NA]]>
              </value>
            </param>
            <param index="22">
              <value>
                <![CDATA[NA]]>
              </value>
            </param>
            <param index="23">
              <value>
                <![CDATA[NA]]>
              </value>
            </param>
            <param index="24">
              <value>
                <![CDATA[NA]]>
              </value>
            </param>
            <param index="25">
              <value>
                <![CDATA[NA]]>
              </value>
            </param>
            <param index="26">
              <value>
                <![CDATA[NA]]>
              </value>
            </param>
            <param index="27">
              <value>
                <![CDATA[NA]]>
              </value>
            </param>
            <param index="28">
              <value>
                <![CDATA[NA]]>
              </value>
            </param>
            <param index="29">
              <value>
                <![CDATA[NA]]>
              </value>
            </param>
            <param index="30">
              <value>
                <![CDATA[NA]]>
              </value>
            </param>
            <param index="31">
              <value>
                <![CDATA[NA]]>
              </value>
            </param>
            <param index="32">
              <value>
                <![CDATA[NA]]>
              </value>
            </param>
            <param index="33">
              <value>
                <![CDATA[NA]]>
              </value>
            </param>
            <param index="34">
              <value>
                <![CDATA[NA]]>
              </value>
            </param>
            <param index="35">
              <value>
                <![CDATA[NA]]>
              </value>
            </param>
            <param index="36">
              <value>
                <![CDATA[NA]]>
              </value>
            </param>
            <param index="37">
              <value>
                <![CDATA[NA]]>
              </value>
            </param>
            <param index="38">
              <value>
                <![CDATA[NA]]>
              </value>
            </param>
            <param index="39">
              <value>
                <![CDATA[NA]]>
              </value>
            </param>
            <param index="40">
              <value>
                <![CDATA[NA]]>
              </value>
            </param>
            <param index="41">
              <value>
                <![CDATA[NA]]>
              </value>
            </param>
            <param index="42">
              <value>
                <![CDATA[NA]]>
              </value>
            </param>
            <param index="43">
              <value>
                <![CDATA[NA]]>
              </value>
            </param>
            <param index="44">
              <value>
                <![CDATA[NA]]>
              </value>
            </param>
            <param index="45">
              <value>
                <![CDATA[NA]]>
              </value>
            </param>
            <param index="46">
              <value>
                <![CDATA[NA]]>
              </value>
            </param>
            <param index="47">
              <value>
                <![CDATA[NA]]>
              </value>
            </param>
          </params>
          <reporter-output>
          </reporter-output>
        </test-method> <!-- setPlatformType -->
        <test-method is-config="true" signature="initSetUp()[pri:0, instance:compliance.Functional.ErrorHandlingInvalidParameter@ab7395e]" started-at="2023-01-24T16:01:34 IST" name="initSetUp" finished-at="2023-01-24T16:01:50 IST" duration-ms="15382" status="FAIL">
          <exception class="org.openqa.selenium.WebDriverException">
            <message>
              <![CDATA[unknown error: Chrome failed to start: crashed.
  (unknown error: DevToolsActivePort file doesn't exist)
  (The process started from chrome location C:\Program Files\Google\Chrome\Application\chrome.exe is no longer running, so ChromeDriver is assuming that Chrome has crashed.)
Build info: version: '3.141.59', revision: 'e82be7d358', time: '2018-11-14T08:17:03'
System info: host: 'BDC14-L-F27H460', ip: '10.0.7.198', os.name: 'Windows 11', os.arch: 'amd64', os.version: '10.0', java.version: '17.0.5'
Driver info: driver.version: ChromeDriver
remote stacktrace: Backtrace:
(No symbol) [0x00E86643]
(No symbol) [0x00E1BE21]
(No symbol) [0x00D1DA9D]
(No symbol) [0x00D3F2A7]
(No symbol) [0x00D3A899]
(No symbol) [0x00D76917]
(No symbol) [0x00D7655C]
(No symbol) [0x00D6FB76]
(No symbol) [0x00D449C1]
(No symbol) [0x00D45E5D]
GetHandleVerifier [0x010FA142+2497106]
GetHandleVerifier [0x011285D3+2686691]
GetHandleVerifier [0x0112BB9C+2700460]
GetHandleVerifier [0x00F33B10+635936]
(No symbol) [0x00E24A1F]
(No symbol) [0x00E2A418]
(No symbol) [0x00E2A505]
(No symbol) [0x00E3508B]
BaseThreadInitThunk [0x75F36BD9+25]
RtlGetFullPathName_UEx [0x770E8FD2+1218]
RtlGetFullPathName_UEx [0x770E8F9D+1165]
]]>
            </message>
            <full-stacktrace>
              <![CDATA[org.openqa.selenium.WebDriverException: unknown error: Chrome failed to start: crashed.
  (unknown error: DevToolsActivePort file doesn't exist)
  (The process started from chrome location C:\Program Files\Google\Chrome\Application\chrome.exe is no longer running, so ChromeDriver is assuming that Chrome has crashed.)
Build info: version: '3.141.59', revision: 'e82be7d358', time: '2018-11-14T08:17:03'
System info: host: 'BDC14-L-F27H460', ip: '10.0.7.198', os.name: 'Windows 11', os.arch: 'amd64', os.version: '10.0', java.version: '17.0.5'
Driver info: driver.version: ChromeDriver
remote stacktrace: Backtrace:
(No symbol) [0x00E86643]
(No symbol) [0x00E1BE21]
(No symbol) [0x00D1DA9D]
(No symbol) [0x00D3F2A7]
(No symbol) [0x00D3A899]
(No symbol) [0x00D76917]
(No symbol) [0x00D7655C]
(No symbol) [0x00D6FB76]
(No symbol) [0x00D449C1]
(No symbol) [0x00D45E5D]
GetHandleVerifier [0x010FA142+2497106]
GetHandleVerifier [0x011285D3+2686691]
GetHandleVerifier [0x0112BB9C+2700460]
GetHandleVerifier [0x00F33B10+635936]
(No symbol) [0x00E24A1F]
(No symbol) [0x00E2A418]
(No symbol) [0x00E2A505]
(No symbol) [0x00E3508B]
BaseThreadInitThunk [0x75F36BD9+25]
RtlGetFullPathName_UEx [0x770E8FD2+1218]
RtlGetFullPathName_UEx [0x770E8F9D+1165]

at java.base/jdk.internal.reflect.NativeConstructorAccessorImpl.newInstance0(Native Method)
at java.base/jdk.internal.reflect.NativeConstructorAccessorImpl.newInstance(NativeConstructorAccessorImpl.java:77)
at java.base/jdk.internal.reflect.DelegatingConstructorAccessorImpl.newInstance(DelegatingConstructorAccessorImpl.java:45)
at java.base/java.lang.reflect.Constructor.newInstanceWithCaller(Constructor.java:499)
at java.base/java.lang.reflect.Constructor.newInstance(Constructor.java:480)
at org.openqa.selenium.remote.W3CHandshakeResponse.lambda$errorHandler$0(W3CHandshakeResponse.java:62)
at org.openqa.selenium.remote.HandshakeResponse.lambda$getResponseFunction$0(HandshakeResponse.java:30)
at org.openqa.selenium.remote.ProtocolHandshake.lambda$createSession$0(ProtocolHandshake.java:126)
at java.base/java.util.stream.ReferencePipeline$3$1.accept(ReferencePipeline.java:197)
at java.base/java.util.Spliterators$ArraySpliterator.tryAdvance(Spliterators.java:1002)
at java.base/java.util.stream.ReferencePipeline.forEachWithCancel(ReferencePipeline.java:129)
at java.base/java.util.stream.AbstractPipeline.copyIntoWithCancel(AbstractPipeline.java:527)
at java.base/java.util.stream.AbstractPipeline.copyInto(AbstractPipeline.java:513)
at java.base/java.util.stream.AbstractPipeline.wrapAndCopyInto(AbstractPipeline.java:499)
at java.base/java.util.stream.FindOps$FindOp.evaluateSequential(FindOps.java:150)
at java.base/java.util.stream.AbstractPipeline.evaluate(AbstractPipeline.java:234)
at java.base/java.util.stream.ReferencePipeline.findFirst(ReferencePipeline.java:647)
at org.openqa.selenium.remote.ProtocolHandshake.createSession(ProtocolHandshake.java:128)
at org.openqa.selenium.remote.ProtocolHandshake.createSession(ProtocolHandshake.java:74)
at org.openqa.selenium.remote.HttpCommandExecutor.execute(HttpCommandExecutor.java:136)
at org.openqa.selenium.remote.service.DriverCommandExecutor.execute(DriverCommandExecutor.java:83)
at org.openqa.selenium.remote.RemoteWebDriver.execute(RemoteWebDriver.java:552)
at org.openqa.selenium.remote.RemoteWebDriver.startSession(RemoteWebDriver.java:213)
at org.openqa.selenium.remote.RemoteWebDriver.<init>(RemoteWebDriver.java:131)
at org.openqa.selenium.chrome.ChromeDriver.<init>(ChromeDriver.java:181)
at org.openqa.selenium.chrome.ChromeDriver.<init>(ChromeDriver.java:168)
at org.openqa.selenium.chrome.ChromeDriver.<init>(ChromeDriver.java:157)
at Generic.TestBase.BrowserConfig.setDriver(BrowserConfig.java:49)
at compliance.Functional.ErrorHandlingInvalidParameter.initSetUp(ErrorHandlingInvalidParameter.java:29)
at java.base/jdk.internal.reflect.NativeMethodAccessorImpl.invoke0(Native Method)
at java.base/jdk.internal.reflect.NativeMethodAccessorImpl.invoke(NativeMethodAccessorImpl.java:77)
at java.base/jdk.internal.reflect.DelegatingMethodAccessorImpl.invoke(DelegatingMethodAccessorImpl.java:43)
at java.base/java.lang.reflect.Method.invoke(Method.java:568)
at org.testng.internal.MethodInvocationHelper.invokeMethod(MethodInvocationHelper.java:133)
at org.testng.internal.MethodInvocationHelper.invokeMethodConsideringTimeout(MethodInvocationHelper.java:62)
at org.testng.internal.ConfigInvoker.invokeConfigurationMethod(ConfigInvoker.java:340)
at org.testng.internal.ConfigInvoker.invokeConfigurations(ConfigInvoker.java:294)
at org.testng.internal.TestMethodWorker.invokeBeforeClassMethods(TestMethodWorker.java:176)
at org.testng.internal.TestMethodWorker.run(TestMethodWorker.java:122)
at java.base/java.util.ArrayList.forEach(ArrayList.java:1511)
at org.testng.TestRunner.privateRun(TestRunner.java:770)
at org.testng.TestRunner.run(TestRunner.java:591)
at org.testng.SuiteRunner.runTest(SuiteRunner.java:402)
at org.testng.SuiteRunner.runSequentially(SuiteRunner.java:396)
at org.testng.SuiteRunner.privateRun(SuiteRunner.java:355)
at org.testng.SuiteRunner.run(SuiteRunner.java:304)
at org.testng.SuiteRunnerWorker.runSuite(SuiteRunnerWorker.java:53)
at org.testng.SuiteRunnerWorker.run(SuiteRunnerWorker.java:96)
at org.testng.TestNG.runSuitesSequentially(TestNG.java:1180)
at org.testng.TestNG.runSuitesLocally(TestNG.java:1102)
at org.testng.TestNG.runSuites(TestNG.java:1032)
at org.testng.TestNG.run(TestNG.java:1000)
at org.testng.remote.AbstractRemoteTestNG.run(AbstractRemoteTestNG.java:115)
at org.testng.remote.RemoteTestNG.initAndRun(RemoteTestNG.java:251)
at org.testng.remote.RemoteTestNG.main(RemoteTestNG.java:77)
]]>
            </full-stacktrace>
          </exception> <!-- org.openqa.selenium.WebDriverException -->
          <reporter-output>
          </reporter-output>
        </test-method> <!-- initSetUp -->
        <test-method is-config="true" signature="register(java.lang.reflect.Method)[pri:0, instance:compliance.Functional.ErrorHandlingInvalidParameter@ab7395e]" started-at="2023-01-24T16:01:50 IST" name="register" finished-at="1970-01-01T05:30:00 IST" duration-ms="-1674556310346" status="SKIP">
          <reporter-output>
          </reporter-output>
        </test-method> <!-- register -->
        <test-method signature="ErrorHandling_InvalidParameterCheck()[pri:0, instance:compliance.Functional.ErrorHandlingInvalidParameter@ab7395e]" started-at="2023-01-24T16:01:50 IST" name="ErrorHandling_InvalidParameterCheck" finished-at="2023-01-24T16:01:50 IST" duration-ms="0" status="SKIP">
          <exception class="org.openqa.selenium.WebDriverException">
            <message>
              <![CDATA[unknown error: Chrome failed to start: crashed.
  (unknown error: DevToolsActivePort file doesn't exist)
  (The process started from chrome location C:\Program Files\Google\Chrome\Application\chrome.exe is no longer running, so ChromeDriver is assuming that Chrome has crashed.)
Build info: version: '3.141.59', revision: 'e82be7d358', time: '2018-11-14T08:17:03'
System info: host: 'BDC14-L-F27H460', ip: '10.0.7.198', os.name: 'Windows 11', os.arch: 'amd64', os.version: '10.0', java.version: '17.0.5'
Driver info: driver.version: ChromeDriver
remote stacktrace: Backtrace:
(No symbol) [0x00E86643]
(No symbol) [0x00E1BE21]
(No symbol) [0x00D1DA9D]
(No symbol) [0x00D3F2A7]
(No symbol) [0x00D3A899]
(No symbol) [0x00D76917]
(No symbol) [0x00D7655C]
(No symbol) [0x00D6FB76]
(No symbol) [0x00D449C1]
(No symbol) [0x00D45E5D]
GetHandleVerifier [0x010FA142+2497106]
GetHandleVerifier [0x011285D3+2686691]
GetHandleVerifier [0x0112BB9C+2700460]
GetHandleVerifier [0x00F33B10+635936]
(No symbol) [0x00E24A1F]
(No symbol) [0x00E2A418]
(No symbol) [0x00E2A505]
(No symbol) [0x00E3508B]
BaseThreadInitThunk [0x75F36BD9+25]
RtlGetFullPathName_UEx [0x770E8FD2+1218]
RtlGetFullPathName_UEx [0x770E8F9D+1165]
]]>
            </message>
            <full-stacktrace>
              <![CDATA[org.openqa.selenium.WebDriverException: unknown error: Chrome failed to start: crashed.
  (unknown error: DevToolsActivePort file doesn't exist)
  (The process started from chrome location C:\Program Files\Google\Chrome\Application\chrome.exe is no longer running, so ChromeDriver is assuming that Chrome has crashed.)
Build info: version: '3.141.59', revision: 'e82be7d358', time: '2018-11-14T08:17:03'
System info: host: 'BDC14-L-F27H460', ip: '10.0.7.198', os.name: 'Windows 11', os.arch: 'amd64', os.version: '10.0', java.version: '17.0.5'
Driver info: driver.version: ChromeDriver
remote stacktrace: Backtrace:
(No symbol) [0x00E86643]
(No symbol) [0x00E1BE21]
(No symbol) [0x00D1DA9D]
(No symbol) [0x00D3F2A7]
(No symbol) [0x00D3A899]
(No symbol) [0x00D76917]
(No symbol) [0x00D7655C]
(No symbol) [0x00D6FB76]
(No symbol) [0x00D449C1]
(No symbol) [0x00D45E5D]
GetHandleVerifier [0x010FA142+2497106]
GetHandleVerifier [0x011285D3+2686691]
GetHandleVerifier [0x0112BB9C+2700460]
GetHandleVerifier [0x00F33B10+635936]
(No symbol) [0x00E24A1F]
(No symbol) [0x00E2A418]
(No symbol) [0x00E2A505]
(No symbol) [0x00E3508B]
BaseThreadInitThunk [0x75F36BD9+25]
RtlGetFullPathName_UEx [0x770E8FD2+1218]
RtlGetFullPathName_UEx [0x770E8F9D+1165]

at java.base/jdk.internal.reflect.NativeConstructorAccessorImpl.newInstance0(Native Method)
at java.base/jdk.internal.reflect.NativeConstructorAccessorImpl.newInstance(NativeConstructorAccessorImpl.java:77)
at java.base/jdk.internal.reflect.DelegatingConstructorAccessorImpl.newInstance(DelegatingConstructorAccessorImpl.java:45)
at java.base/java.lang.reflect.Constructor.newInstanceWithCaller(Constructor.java:499)
at java.base/java.lang.reflect.Constructor.newInstance(Constructor.java:480)
at org.openqa.selenium.remote.W3CHandshakeResponse.lambda$errorHandler$0(W3CHandshakeResponse.java:62)
at org.openqa.selenium.remote.HandshakeResponse.lambda$getResponseFunction$0(HandshakeResponse.java:30)
at org.openqa.selenium.remote.ProtocolHandshake.lambda$createSession$0(ProtocolHandshake.java:126)
at java.base/java.util.stream.ReferencePipeline$3$1.accept(ReferencePipeline.java:197)
at java.base/java.util.Spliterators$ArraySpliterator.tryAdvance(Spliterators.java:1002)
at java.base/java.util.stream.ReferencePipeline.forEachWithCancel(ReferencePipeline.java:129)
at java.base/java.util.stream.AbstractPipeline.copyIntoWithCancel(AbstractPipeline.java:527)
at java.base/java.util.stream.AbstractPipeline.copyInto(AbstractPipeline.java:513)
at java.base/java.util.stream.AbstractPipeline.wrapAndCopyInto(AbstractPipeline.java:499)
at java.base/java.util.stream.FindOps$FindOp.evaluateSequential(FindOps.java:150)
at java.base/java.util.stream.AbstractPipeline.evaluate(AbstractPipeline.java:234)
at java.base/java.util.stream.ReferencePipeline.findFirst(ReferencePipeline.java:647)
at org.openqa.selenium.remote.ProtocolHandshake.createSession(ProtocolHandshake.java:128)
at org.openqa.selenium.remote.ProtocolHandshake.createSession(ProtocolHandshake.java:74)
at org.openqa.selenium.remote.HttpCommandExecutor.execute(HttpCommandExecutor.java:136)
at org.openqa.selenium.remote.service.DriverCommandExecutor.execute(DriverCommandExecutor.java:83)
at org.openqa.selenium.remote.RemoteWebDriver.execute(RemoteWebDriver.java:552)
at org.openqa.selenium.remote.RemoteWebDriver.startSession(RemoteWebDriver.java:213)
at org.openqa.selenium.remote.RemoteWebDriver.<init>(RemoteWebDriver.java:131)
at org.openqa.selenium.chrome.ChromeDriver.<init>(ChromeDriver.java:181)
at org.openqa.selenium.chrome.ChromeDriver.<init>(ChromeDriver.java:168)
at org.openqa.selenium.chrome.ChromeDriver.<init>(ChromeDriver.java:157)
at Generic.TestBase.BrowserConfig.setDriver(BrowserConfig.java:49)
at compliance.Functional.ErrorHandlingInvalidParameter.initSetUp(ErrorHandlingInvalidParameter.java:29)
at java.base/jdk.internal.reflect.NativeMethodAccessorImpl.invoke0(Native Method)
at java.base/jdk.internal.reflect.NativeMethodAccessorImpl.invoke(NativeMethodAccessorImpl.java:77)
at java.base/jdk.internal.reflect.DelegatingMethodAccessorImpl.invoke(DelegatingMethodAccessorImpl.java:43)
at java.base/java.lang.reflect.Method.invoke(Method.java:568)
at org.testng.internal.MethodInvocationHelper.invokeMethod(MethodInvocationHelper.java:133)
at org.testng.internal.MethodInvocationHelper.invokeMethodConsideringTimeout(MethodInvocationHelper.java:62)
at org.testng.internal.ConfigInvoker.invokeConfigurationMethod(ConfigInvoker.java:340)
at org.testng.internal.ConfigInvoker.invokeConfigurations(ConfigInvoker.java:294)
at org.testng.internal.TestMethodWorker.invokeBeforeClassMethods(TestMethodWorker.java:176)
at org.testng.internal.TestMethodWorker.run(TestMethodWorker.java:122)
at java.base/java.util.ArrayList.forEach(ArrayList.java:1511)
at org.testng.TestRunner.privateRun(TestRunner.java:770)
at org.testng.TestRunner.run(TestRunner.java:591)
at org.testng.SuiteRunner.runTest(SuiteRunner.java:402)
at org.testng.SuiteRunner.runSequentially(SuiteRunner.java:396)
at org.testng.SuiteRunner.privateRun(SuiteRunner.java:355)
at org.testng.SuiteRunner.run(SuiteRunner.java:304)
at org.testng.SuiteRunnerWorker.runSuite(SuiteRunnerWorker.java:53)
at org.testng.SuiteRunnerWorker.run(SuiteRunnerWorker.java:96)
at org.testng.TestNG.runSuitesSequentially(TestNG.java:1180)
at org.testng.TestNG.runSuitesLocally(TestNG.java:1102)
at org.testng.TestNG.runSuites(TestNG.java:1032)
at org.testng.TestNG.run(TestNG.java:1000)
at org.testng.remote.AbstractRemoteTestNG.run(AbstractRemoteTestNG.java:115)
at org.testng.remote.RemoteTestNG.initAndRun(RemoteTestNG.java:251)
at org.testng.remote.RemoteTestNG.main(RemoteTestNG.java:77)
]]>
            </full-stacktrace>
          </exception> <!-- org.openqa.selenium.WebDriverException -->
          <reporter-output>
          </reporter-output>
        </test-method> <!-- ErrorHandling_InvalidParameterCheck -->
        <test-method is-config="true" signature="getResult(org.testng.ITestResult)[pri:0, instance:compliance.Functional.ErrorHandlingInvalidParameter@ab7395e]" started-at="2023-01-24T16:01:50 IST" name="getResult" finished-at="1970-01-01T05:30:00 IST" duration-ms="-1674556310379" status="SKIP">
          <reporter-output>
          </reporter-output>
        </test-method> <!-- getResult -->
        <test-method is-config="true" signature="endDriver()[pri:0, instance:compliance.Functional.ErrorHandlingInvalidParameter@ab7395e]" started-at="2023-01-24T16:01:50 IST" name="endDriver" finished-at="1970-01-01T05:30:00 IST" duration-ms="-1674556310387" status="SKIP">
          <reporter-output>
          </reporter-output>
        </test-method> <!-- endDriver -->
        <test-method is-config="true" signature="endReport()[pri:0, instance:compliance.Functional.ErrorHandlingInvalidParameter@ab7395e]" started-at="2023-01-24T16:01:50 IST" name="endReport" finished-at="1970-01-01T05:30:00 IST" duration-ms="-1674556310401" status="SKIP">
          <reporter-output>
          </reporter-output>
        </test-method> <!-- endReport -->
      </class> <!-- compliance.Functional.ErrorHandlingInvalidParameter -->
    </test> <!-- Test -->
  </suite> <!-- Suite -->
</testng-results>
