<?xml version="1.0" encoding="UTF-8"?>
<!-- Generated by org.testng.reporters.JUnitReportReporter -->
<testsuite hostname="BDC14-L-F27H460" failures="0" tests="2" name="compliance.Functional.ErrorHandlingInvalidParameter" time="15.382" errors="1" timestamp="2023-01-24T16:01:51 IST" skipped="1">
  <testcase classname="compliance.Functional.ErrorHandlingInvalidParameter" name="initSetUp" time="15.382">
    <error message="unknown error: Chrome failed to start: crashed.
  (unknown error: DevToolsActivePort file doesn&#039;t exist)
  (The process started from chrome location C:\Program Files\Google\Chrome\Application\chrome.exe is no longer running, so ChromeDriver is assuming that Chrome has crashed.)
Build info: version: &#039;3.141.59&#039;, revision: &#039;e82be7d358&#039;, time: &#039;2018-11-14T08:17:03&#039;
System info: host: &#039;BDC14-L-F27H460&#039;, ip: &#039;10.0.7.198&#039;, os.name: &#039;Windows 11&#039;, os.arch: &#039;amd64&#039;, os.version: &#039;10.0&#039;, java.version: &#039;17.0.5&#039;
Driver info: driver.version: ChromeDriver
remote stacktrace: Backtrace:
	(No symbol) [0x00E86643]
	(No symbol) [0x00E1BE21]
	(No symbol) [0x00D1DA9D]
	(No symbol) [0x00D3F2A7]
	(No symbol) [0x00D3A899]
	(No symbol) [0x00D76917]
	(No symbol) [0x00D7655C]
	(No symbol) [0x00D6FB76]
	(No symbol) [0x00D449C1]
	(No symbol) [0x00D45E5D]
	GetHandleVerifier [0x010FA142+2497106]
	GetHandleVerifier [0x011285D3+2686691]
	GetHandleVerifier [0x0112BB9C+2700460]
	GetHandleVerifier [0x00F33B10+635936]
	(No symbol) [0x00E24A1F]
	(No symbol) [0x00E2A418]
	(No symbol) [0x00E2A505]
	(No symbol) [0x00E3508B]
	BaseThreadInitThunk [0x75F36BD9+25]
	RtlGetFullPathName_UEx [0x770E8FD2+1218]
	RtlGetFullPathName_UEx [0x770E8F9D+1165]
" type="org.openqa.selenium.WebDriverException">
      <![CDATA[org.openqa.selenium.WebDriverException: unknown error: Chrome failed to start: crashed.
  (unknown error: DevToolsActivePort file doesn't exist)
  (The process started from chrome location C:\Program Files\Google\Chrome\Application\chrome.exe is no longer running, so ChromeDriver is assuming that Chrome has crashed.)
Build info: version: '3.141.59', revision: 'e82be7d358', time: '2018-11-14T08:17:03'
System info: host: 'BDC14-L-F27H460', ip: '10.0.7.198', os.name: 'Windows 11', os.arch: 'amd64', os.version: '10.0', java.version: '17.0.5'
Driver info: driver.version: ChromeDriver
remote stacktrace: Backtrace:
(No symbol) [0x00E86643]
(No symbol) [0x00E1BE21]
(No symbol) [0x00D1DA9D]
(No symbol) [0x00D3F2A7]
(No symbol) [0x00D3A899]
(No symbol) [0x00D76917]
(No symbol) [0x00D7655C]
(No symbol) [0x00D6FB76]
(No symbol) [0x00D449C1]
(No symbol) [0x00D45E5D]
GetHandleVerifier [0x010FA142+2497106]
GetHandleVerifier [0x011285D3+2686691]
GetHandleVerifier [0x0112BB9C+2700460]
GetHandleVerifier [0x00F33B10+635936]
(No symbol) [0x00E24A1F]
(No symbol) [0x00E2A418]
(No symbol) [0x00E2A505]
(No symbol) [0x00E3508B]
BaseThreadInitThunk [0x75F36BD9+25]
RtlGetFullPathName_UEx [0x770E8FD2+1218]
RtlGetFullPathName_UEx [0x770E8F9D+1165]

at java.base/jdk.internal.reflect.NativeConstructorAccessorImpl.newInstance0(Native Method)
at java.base/jdk.internal.reflect.NativeConstructorAccessorImpl.newInstance(NativeConstructorAccessorImpl.java:77)
at java.base/jdk.internal.reflect.DelegatingConstructorAccessorImpl.newInstance(DelegatingConstructorAccessorImpl.java:45)
at java.base/java.lang.reflect.Constructor.newInstanceWithCaller(Constructor.java:499)
at java.base/java.lang.reflect.Constructor.newInstance(Constructor.java:480)
at org.openqa.selenium.remote.W3CHandshakeResponse.lambda$errorHandler$0(W3CHandshakeResponse.java:62)
at org.openqa.selenium.remote.HandshakeResponse.lambda$getResponseFunction$0(HandshakeResponse.java:30)
at org.openqa.selenium.remote.ProtocolHandshake.lambda$createSession$0(ProtocolHandshake.java:126)
at java.base/java.util.stream.ReferencePipeline$3$1.accept(ReferencePipeline.java:197)
at java.base/java.util.Spliterators$ArraySpliterator.tryAdvance(Spliterators.java:1002)
at java.base/java.util.stream.ReferencePipeline.forEachWithCancel(ReferencePipeline.java:129)
at java.base/java.util.stream.AbstractPipeline.copyIntoWithCancel(AbstractPipeline.java:527)
at java.base/java.util.stream.AbstractPipeline.copyInto(AbstractPipeline.java:513)
at java.base/java.util.stream.AbstractPipeline.wrapAndCopyInto(AbstractPipeline.java:499)
at java.base/java.util.stream.FindOps$FindOp.evaluateSequential(FindOps.java:150)
at java.base/java.util.stream.AbstractPipeline.evaluate(AbstractPipeline.java:234)
at java.base/java.util.stream.ReferencePipeline.findFirst(ReferencePipeline.java:647)
at org.openqa.selenium.remote.ProtocolHandshake.createSession(ProtocolHandshake.java:128)
at org.openqa.selenium.remote.ProtocolHandshake.createSession(ProtocolHandshake.java:74)
at org.openqa.selenium.remote.HttpCommandExecutor.execute(HttpCommandExecutor.java:136)
at org.openqa.selenium.remote.service.DriverCommandExecutor.execute(DriverCommandExecutor.java:83)
at org.openqa.selenium.remote.RemoteWebDriver.execute(RemoteWebDriver.java:552)
at org.openqa.selenium.remote.RemoteWebDriver.startSession(RemoteWebDriver.java:213)
at org.openqa.selenium.remote.RemoteWebDriver.<init>(RemoteWebDriver.java:131)
at org.openqa.selenium.chrome.ChromeDriver.<init>(ChromeDriver.java:181)
at org.openqa.selenium.chrome.ChromeDriver.<init>(ChromeDriver.java:168)
at org.openqa.selenium.chrome.ChromeDriver.<init>(ChromeDriver.java:157)
at Generic.TestBase.BrowserConfig.setDriver(BrowserConfig.java:49)
at compliance.Functional.ErrorHandlingInvalidParameter.initSetUp(ErrorHandlingInvalidParameter.java:29)
at java.base/jdk.internal.reflect.NativeMethodAccessorImpl.invoke0(Native Method)
at java.base/jdk.internal.reflect.NativeMethodAccessorImpl.invoke(NativeMethodAccessorImpl.java:77)
at java.base/jdk.internal.reflect.DelegatingMethodAccessorImpl.invoke(DelegatingMethodAccessorImpl.java:43)
at java.base/java.lang.reflect.Method.invoke(Method.java:568)
at org.testng.internal.MethodInvocationHelper.invokeMethod(MethodInvocationHelper.java:133)
at org.testng.internal.MethodInvocationHelper.invokeMethodConsideringTimeout(MethodInvocationHelper.java:62)
at org.testng.internal.ConfigInvoker.invokeConfigurationMethod(ConfigInvoker.java:340)
at org.testng.internal.ConfigInvoker.invokeConfigurations(ConfigInvoker.java:294)
at org.testng.internal.TestMethodWorker.invokeBeforeClassMethods(TestMethodWorker.java:176)
at org.testng.internal.TestMethodWorker.run(TestMethodWorker.java:122)
at java.base/java.util.ArrayList.forEach(ArrayList.java:1511)
at org.testng.TestRunner.privateRun(TestRunner.java:770)
at org.testng.TestRunner.run(TestRunner.java:591)
at org.testng.SuiteRunner.runTest(SuiteRunner.java:402)
at org.testng.SuiteRunner.runSequentially(SuiteRunner.java:396)
at org.testng.SuiteRunner.privateRun(SuiteRunner.java:355)
at org.testng.SuiteRunner.run(SuiteRunner.java:304)
at org.testng.SuiteRunnerWorker.runSuite(SuiteRunnerWorker.java:53)
at org.testng.SuiteRunnerWorker.run(SuiteRunnerWorker.java:96)
at org.testng.TestNG.runSuitesSequentially(TestNG.java:1180)
at org.testng.TestNG.runSuitesLocally(TestNG.java:1102)
at org.testng.TestNG.runSuites(TestNG.java:1032)
at org.testng.TestNG.run(TestNG.java:1000)
at org.testng.remote.AbstractRemoteTestNG.run(AbstractRemoteTestNG.java:115)
at org.testng.remote.RemoteTestNG.initAndRun(RemoteTestNG.java:251)
at org.testng.remote.RemoteTestNG.main(RemoteTestNG.java:77)
]]>
    </error>
  </testcase> <!-- initSetUp -->
  <testcase classname="compliance.Functional.ErrorHandlingInvalidParameter" name="ErrorHandling_InvalidParameterCheck" time="0.000">
    <skipped/>
  </testcase> <!-- ErrorHandling_InvalidParameterCheck -->
</testsuite> <!-- compliance.Functional.ErrorHandlingInvalidParameter -->
