<?xml version="1.0" encoding="UTF-8"?>
<!-- Generated by org.testng.reporters.JUnitXMLReporter -->
<testsuite ignored="0" hostname="BDC14-L-F27H460" failures="0" tests="1" name="Test" time="21.848" errors="0" timestamp="2023-01-24T16:01:50 IST">
  <testcase classname="compliance.Functional.ErrorHandlingInvalidParameter" name="@BeforeClass initSetUp" time="15.382">
    <failure type="org.openqa.selenium.WebDriverException" message="unknown error: Chrome failed to start: crashed.
  (unknown error: DevToolsActivePort file doesn&amp;apos;t exist)
  (The process started from chrome location C:\Program Files\Google\Chrome\Application\chrome.exe is no longer running, so ChromeDriver is assuming that Chrome has crashed.)
Build info: version: &amp;apos;3.141.59&amp;apos;, revision: &amp;apos;e82be7d358&amp;apos;, time: &amp;apos;2018-11-14T08:17:03&amp;apos;
System info: host: &amp;apos;BDC14-L-F27H460&amp;apos;, ip: &amp;apos;10.0.7.198&amp;apos;, os.name: &amp;apos;Windows 11&amp;apos;, os.arch: &amp;apos;amd64&amp;apos;, os.version: &amp;apos;10.0&amp;apos;, java.version: &amp;apos;17.0.5&amp;apos;
Driver info: driver.version: ChromeDriver
remote stacktrace: Backtrace:
	(No symbol) [0x00E86643]
	(No symbol) [0x00E1BE21]
	(No symbol) [0x00D1DA9D]
	(No symbol) [0x00D3F2A7]
	(No symbol) [0x00D3A899]
	(No symbol) [0x00D76917]
	(No symbol) [0x00D7655C]
	(No symbol) [0x00D6FB76]
	(No symbol) [0x00D449C1]
	(No symbol) [0x00D45E5D]
	GetHandleVerifier [0x010FA142+2497106]
	GetHandleVerifier [0x011285D3+2686691]
	GetHandleVerifier [0x0112BB9C+2700460]
	GetHandleVerifier [0x00F33B10+635936]
	(No symbol) [0x00E24A1F]
	(No symbol) [0x00E2A418]
	(No symbol) [0x00E2A505]
	(No symbol) [0x00E3508B]
	BaseThreadInitThunk [0x75F36BD9+25]
	RtlGetFullPathName_UEx [0x770E8FD2+1218]
	RtlGetFullPathName_UEx [0x770E8F9D+1165]
">
      <![CDATA[org.openqa.selenium.WebDriverException: unknown error: Chrome failed to start: crashed.
  (unknown error: DevToolsActivePort file doesn't exist)
  (The process started from chrome location C:\Program Files\Google\Chrome\Application\chrome.exe is no longer running, so ChromeDriver is assuming that Chrome has crashed.)
Build info: version: '3.141.59', revision: 'e82be7d358', time: '2018-11-14T08:17:03'
System info: host: 'BDC14-L-F27H460', ip: '10.0.7.198', os.name: 'Windows 11', os.arch: 'amd64', os.version: '10.0', java.version: '17.0.5'
Driver info: driver.version: ChromeDriver
remote stacktrace: Backtrace:
(No symbol) [0x00E86643]
(No symbol) [0x00E1BE21]
(No symbol) [0x00D1DA9D]
(No symbol) [0x00D3F2A7]
(No symbol) [0x00D3A899]
(No symbol) [0x00D76917]
(No symbol) [0x00D7655C]
(No symbol) [0x00D6FB76]
(No symbol) [0x00D449C1]
(No symbol) [0x00D45E5D]
GetHandleVerifier [0x010FA142+2497106]
GetHandleVerifier [0x011285D3+2686691]
GetHandleVerifier [0x0112BB9C+2700460]
GetHandleVerifier [0x00F33B10+635936]
(No symbol) [0x00E24A1F]
(No symbol) [0x00E2A418]
(No symbol) [0x00E2A505]
(No symbol) [0x00E3508B]
BaseThreadInitThunk [0x75F36BD9+25]
RtlGetFullPathName_UEx [0x770E8FD2+1218]
RtlGetFullPathName_UEx [0x770E8F9D+1165]

at org.openqa.selenium.remote.W3CHandshakeResponse.lambda$errorHandler$0(W3CHandshakeResponse.java:62)
at org.openqa.selenium.remote.HandshakeResponse.lambda$getResponseFunction$0(HandshakeResponse.java:30)
at org.openqa.selenium.remote.ProtocolHandshake.lambda$createSession$0(ProtocolHandshake.java:126)
at java.base/java.util.stream.ReferencePipeline$3$1.accept(ReferencePipeline.java:197)
at java.base/java.util.Spliterators$ArraySpliterator.tryAdvance(Spliterators.java:1002)
at java.base/java.util.stream.ReferencePipeline.forEachWithCancel(ReferencePipeline.java:129)
at java.base/java.util.stream.AbstractPipeline.copyIntoWithCancel(AbstractPipeline.java:527)
at java.base/java.util.stream.AbstractPipeline.copyInto(AbstractPipeline.java:513)
at java.base/java.util.stream.AbstractPipeline.wrapAndCopyInto(AbstractPipeline.java:499)
at java.base/java.util.stream.FindOps$FindOp.evaluateSequential(FindOps.java:150)
at java.base/java.util.stream.AbstractPipeline.evaluate(AbstractPipeline.java:234)
at java.base/java.util.stream.ReferencePipeline.findFirst(ReferencePipeline.java:647)
at org.openqa.selenium.remote.ProtocolHandshake.createSession(ProtocolHandshake.java:128)
at org.openqa.selenium.remote.ProtocolHandshake.createSession(ProtocolHandshake.java:74)
at org.openqa.selenium.remote.HttpCommandExecutor.execute(HttpCommandExecutor.java:136)
at org.openqa.selenium.remote.service.DriverCommandExecutor.execute(DriverCommandExecutor.java:83)
at org.openqa.selenium.remote.RemoteWebDriver.execute(RemoteWebDriver.java:552)
at org.openqa.selenium.remote.RemoteWebDriver.startSession(RemoteWebDriver.java:213)
at org.openqa.selenium.remote.RemoteWebDriver.<init>(RemoteWebDriver.java:131)
at org.openqa.selenium.chrome.ChromeDriver.<init>(ChromeDriver.java:181)
at org.openqa.selenium.chrome.ChromeDriver.<init>(ChromeDriver.java:168)
at org.openqa.selenium.chrome.ChromeDriver.<init>(ChromeDriver.java:157)
at Generic.TestBase.BrowserConfig.setDriver(BrowserConfig.java:49)
at compliance.Functional.ErrorHandlingInvalidParameter.initSetUp(ErrorHandlingInvalidParameter.java:29)
at java.base/java.util.ArrayList.forEach(ArrayList.java:1511)
... Removed 30 stack frames]]>
    </failure>
  </testcase> <!-- @BeforeClass initSetUp -->
  <testcase classname="Generic.TestBase.testBase" name="@BeforeMethod register" time="-1.674556310346E9">
    <skipped/>
  </testcase> <!-- @BeforeMethod register -->
  <testcase classname="Generic.TestBase.testBase" name="@AfterMethod getResult" time="-1.674556310379E9">
    <skipped/>
  </testcase> <!-- @AfterMethod getResult -->
  <testcase classname="compliance.Functional.ErrorHandlingInvalidParameter" name="@AfterClass endDriver" time="-1.674556310387E9">
    <skipped/>
  </testcase> <!-- @AfterClass endDriver -->
  <testcase classname="Generic.TestBase.testBase" name="@AfterTest endReport" time="-1.674556310401E9">
    <skipped/>
  </testcase> <!-- @AfterTest endReport -->
  <testcase classname="compliance.Functional.ErrorHandlingInvalidParameter" name="ErrorHandling_InvalidParameterCheck" time="0.0">
    <skipped/>
  </testcase> <!-- ErrorHandling_InvalidParameterCheck -->
</testsuite> <!-- Test -->
